Arguments: 
  /usr/local/Cellar/node/13.11.0/bin/node /usr/local/Cellar/yarn/1.22.4/libexec/bin/yarn.js

PATH: 
  /Users/the_sonn/Downloads/google-cloud-sdk/bin:/Users/the_sonn/bin:/usr/local/bin:/usr/local/bin:/usr/bin:/bin:/usr/sbin:/sbin:/usr/local/go/bin:/Applications/Wireshark.app/Contents/MacOS:/Users/the_sonn/OS161-utils/bin:/Users/the_sonn/.yarn/bin:/Users/the_sonn/.config/yarn/global/node_modules/.bin:/Users/the_sonn/.config/yarn/global/node_modules/bin:/Users/the_sonn/go:/Users/the_sonn/repos/nettex/services/checkout/checkout-api/bin:/Users/the_sonn/.local/bin:/Users/the_sonn/n/bin

Yarn version: 
  1.22.4

Node version: 
  13.11.0

Platform: 
  darwin x64

Trace: 
  Invariant Violation: expected hoisted manifest for "cdk-watchful#@aws-cdk/aws-dynamodb#@aws-cdk/aws-cloudformation#@aws-cdk/core"
      at invariant (/usr/local/Cellar/yarn/1.22.4/libexec/lib/cli.js:2314:15)
      at _loop2 (/usr/local/Cellar/yarn/1.22.4/libexec/lib/cli.js:94965:9)
      at PackageHoister.init (/usr/local/Cellar/yarn/1.22.4/libexec/lib/cli.js:95035:19)
      at PackageLinker.getFlatHoistedTree (/usr/local/Cellar/yarn/1.22.4/libexec/lib/cli.js:48743:20)
      at PackageLinker.<anonymous> (/usr/local/Cellar/yarn/1.22.4/libexec/lib/cli.js:48754:27)
      at Generator.next (<anonymous>)
      at step (/usr/local/Cellar/yarn/1.22.4/libexec/lib/cli.js:310:30)
      at /usr/local/Cellar/yarn/1.22.4/libexec/lib/cli.js:328:14
      at new Promise (<anonymous>)
      at new F (/usr/local/Cellar/yarn/1.22.4/libexec/lib/cli.js:5301:28)

npm manifest: 
  {
    "name": "infra",
    "version": "0.1.0",
    "bin": {
      "js-infra": "bin/infra.js"
    },
    "scripts": {
      "build": "tsc",
      "watch": "tsc -w",
      "test": "jest",
      "cdk": "cdk"
    },
    "devDependencies": {
      "@aws-cdk/assert": "1.30.0",
      "@types/jest": "^24.0.22",
      "@types/node": "10.17.5",
      "aws-cdk": "^1.30.0",
      "jest": "^24.9.0",
      "ts-jest": "^24.1.0",
      "ts-node": "^8.1.0",
      "typescript": "~3.7.2"
    },
    "dependencies": {
      "@aws-cdk/aws-cloudtrail": "1.30.0",
      "@aws-cdk/aws-cognito": "1.30.0",
      "@aws-cdk/aws-dynamodb": "1.30.0",
      "@aws-cdk/aws-events-targets": "1.30.0",
      "@aws-cdk/aws-lambda": "1.30.0",
      "@aws-cdk/core": "1.30.0",
      "cdk-constants": "^3.0.3",
      "cdk-watchful": "0.4.6",
      "source-map-support": "0.5.16"
    }
  }

yarn manifest: 
  No manifest

Lockfile: 
  No lockfile
